#
# A fatal error has been detected by the Java Runtime Environment:
#
#  Internal Error (javaClasses.cpp:126), pid=6504, tid=1728
#  fatal error: Invalid layout of preloaded class
#
# JRE version:  (8.0_20-b26) (build )
# Java VM: Java HotSpot(TM) Client VM (25.20-b23 mixed mode windows-x86 )
# Failed to write core dump. Minidumps are not enabled by default on client versions of Windows
#
# If you would like to submit a bug report, please visit:
#   http://bugreport.sun.com/bugreport/crash.jsp
#

---------------  T H R E A D  ---------------

Current thread (0x0179c400):  JavaThread "Unknown thread" [_thread_in_vm, id=1728, stack(0x016c0000,0x01710000)]

Stack: [0x016c0000,0x01710000],  sp=0x0170f6c0,  free space=317k
Native frames: (J=compiled Java code, j=interpreted, Vv=VM code, C=native code)
V  [jvm.dll+0x196ccb]
V  [jvm.dll+0x18fc56]
V  [jvm.dll+0x3b52a]
V  [jvm.dll+0x3b6e0]
V  [jvm.dll+0x4a2a3]
V  [jvm.dll+0x9d44e]
V  [jvm.dll+0x9d712]
V  [jvm.dll+0x144f11]
V  [jvm.dll+0x168e48]
V  [jvm.dll+0xda6d1]
C  [javaw.exe+0x13e4]
C  [javaw.exe+0x1eb7]
C  [javaw.exe+0xaba1]
C  [javaw.exe+0xac2b]
C  [kernel32.dll+0x4ee1c]
C  [ntdll.dll+0x637eb]
C  [ntdll.dll+0x637be]
C  0x00000000


---------------  P R O C E S S  ---------------

Java Threads: ( => current thread )

Other Threads:

=>0x0179c400 (exited) JavaThread "Unknown thread" [_thread_in_vm, id=1728, stack(0x016c0000,0x01710000)]

VM state:not at safepoint (not fully initialized)

VM Mutex/Monitor currently owned by a thread: None

GC Heap History (0 events):
No events

Deoptimization events (0 events):
No events

Internal exceptions (0 events):
No events

Events (10 events):
Event: 0.160 loading class java/lang/CharSequence done
Event: 0.160 loading class java/lang/String done
Event: 0.160 loading class java/lang/Class
Event: 0.161 loading class java/lang/reflect/AnnotatedElement
Event: 0.161 loading class java/lang/reflect/AnnotatedElement done
Event: 0.161 loading class java/lang/reflect/GenericDeclaration
Event: 0.162 loading class java/lang/reflect/GenericDeclaration done
Event: 0.162 loading class java/lang/reflect/Type
Event: 0.162 loading class java/lang/reflect/Type done
Event: 0.162 loading class java/lang/Class done


Dynamic libraries:
0x013c0000 - 0x013f0000 	C:\Program Files\Java\jre1.8.0_20\bin\javaw.exe
0x76f00000 - 0x7703c000 	C:\Windows\SYSTEM32\ntdll.dll
0x75800000 - 0x758d4000 	C:\Windows\system32\kernel32.dll
0x75030000 - 0x7507b000 	C:\Windows\system32\KERNELBASE.dll
0x76880000 - 0x76920000 	C:\Windows\system32\ADVAPI32.dll
0x76930000 - 0x769dc000 	C:\Windows\system32\msvcrt.dll
0x75360000 - 0x75379000 	C:\Windows\SYSTEM32\sechost.dll
0x752b0000 - 0x75352000 	C:\Windows\system32\RPCRT4.dll
0x755b0000 - 0x75679000 	C:\Windows\system32\USER32.dll
0x77060000 - 0x770ae000 	C:\Windows\system32\GDI32.dll
0x76870000 - 0x7687a000 	C:\Windows\system32\LPK.dll
0x756d0000 - 0x7576d000 	C:\Windows\system32\USP10.dll
0x73db0000 - 0x73f4e000 	C:\Windows\WinSxS\x86_microsoft.windows.common-controls_6595b64144ccf1df_6.0.7601.17514_none_41e6975e2bd6f2b2\COMCTL32.dll
0x76d70000 - 0x76dc7000 	C:\Windows\system32\SHLWAPI.dll
0x77040000 - 0x7705f000 	C:\Windows\system32\IMM32.DLL
0x76a10000 - 0x76adc000 	C:\Windows\system32\MSCTF.dll
0x10000000 - 0x1005c000 	C:\Windows\system32\guard32.dll
0x74dc0000 - 0x74dc9000 	C:\Windows\system32\VERSION.dll
0x758e0000 - 0x758e5000 	C:\Windows\system32\PSAPI.DLL
0x74da0000 - 0x74da7000 	C:\Windows\system32\fltlib.dll
0x52230000 - 0x522ef000 	C:\Program Files\Java\jre1.8.0_20\bin\msvcr100.dll
0x512c0000 - 0x51662000 	C:\Program Files\Java\jre1.8.0_20\bin\client\jvm.dll
0x011a0000 - 0x011a7000 	C:\Windows\system32\WSOCK32.dll
0x75270000 - 0x752a5000 	C:\Windows\system32\WS2_32.dll
0x755a0000 - 0x755a6000 	C:\Windows\system32\NSI.dll
0x73670000 - 0x736a2000 	C:\Windows\system32\WINMM.dll
0x73270000 - 0x7327c000 	C:\Program Files\Java\jre1.8.0_20\bin\verify.dll
0x6cb10000 - 0x6cb31000 	C:\Program Files\Java\jre1.8.0_20\bin\java.dll
0x6c760000 - 0x6c773000 	C:\Program Files\Java\jre1.8.0_20\bin\zip.dll
0x74220000 - 0x7430b000 	C:\Windows\system32\dbghelp.dll

VM Arguments:
jvm_args: -Dfile.encoding=Cp1250 -Xbootclasspath:C:\Users\David\Desktop\Programiranje\Android\adt-bundle-windows-x86-20140702\sdk\platforms\android-20\android.jar 
java_command: com.davidhoja.fallingball.android.Klient
java_class_path (initial): C:\Users\David\Desktop\Programiranje\LibgGdx\android\bin\classes;C:\Users\David\.gradle\caches\modules-2\files-2.1\com.badlogicgames.gdx\gdx-box2d\1.2.0\cc39fa3dbad14b247655266c10e64367418564bd\gdx-box2d-1.2.0.jar;C:\Users\David\Desktop\Programiranje\LibgGdx\android\libs\google_play_services\libproject\google-play-services_lib\libs\google-play-services.jar;C:\Users\David\.gradle\caches\modules-2\files-2.1\com.badlogicgames.gdx\gdx\1.2.0\eb55d6eb1165daf6be23189767c19d811ca5eb36\gdx-1.2.0.jar;C:\Users\David\Desktop\Programiranje\LibgGdx\core\bin;C:\Users\David\.gradle\caches\modules-2\files-2.1\com.badlogicgames.gdx\gdx-backend-android\1.2.0\2ed57a7d155e5060ea773eed21804a23342fb47\gdx-backend-android-1.2.0.jar;C:\Users\David\Desktop\Programiranje\LibgGdx\android\libs\google_play_services\libproject\google-play-services_lib\bin\google-play-services_lib.jar
Launcher Type: SUN_STANDARD

Environment Variables:
PATH=C:/Program Files/Java/jre1.8.0_20/bin/client;C:/Program Files/Java/jre1.8.0_20/bin;C:/Program Files/Java/jre1.8.0_20/lib/i386;C:\Program Files\Intel\iCLS Client\;C:\ProgramData\Oracle\Java\javapath;C:\Windows\system32;C:\Windows;C:\Windows\System32\Wbem;C:\Windows\System32\WindowsPowerShell\v1.0\;C:\Program Files\Intel\Intel(R) Management Engine Components\DAL;C:\Program Files\Intel\Intel(R) Management Engine Components\IPT;C:\Program Files\Java\jdk1.8.0_05\bin;C:\Users\David\Desktop\Programiranje\Android\adt-bundle-windows-x86-20140702\eclipse;
USERNAME=David
OS=Windows_NT
PROCESSOR_IDENTIFIER=x86 Family 6 Model 58 Stepping 9, GenuineIntel



---------------  S Y S T E M  ---------------

OS: Windows 7 Build 7601 Service Pack 1

CPU:total 4 (2 cores per cpu, 2 threads per core) family 6 model 58 stepping 9, cmov, cx8, fxsr, mmx, sse, sse2, sse3, ssse3, sse4.1, sse4.2, popcnt, avx, aes, clmul, erms, ht, tsc, tscinvbit, tscinv

Memory: 4k page, physical 2730560k(791268k free), swap 5459368k(2257240k free)

vm_info: Java HotSpot(TM) Client VM (25.20-b23) for windows-x86 JRE (1.8.0_20-b26), built on Jul 30 2014 18:14:41 by "java_re" with MS VC++ 10.0 (VS2010)

time: Fri Oct 17 18:32:19 2014
elapsed time: 0 seconds (0d 0h 0m 0s)

